C51 COMPILER V9.56.0.0   KEY                                                               08/28/2020 18:17:17 PAGE 1   


C51 COMPILER V9.56.0.0, COMPILATION OF MODULE KEY
OBJECT MODULE PLACED IN .\Objects\key.obj
COMPILER INVOKED BY: C:\program_list\keil\C51\BIN\C51.EXE ..\hardware\Key\key.c LARGE OPTIMIZE(8,SPEED) BROWSE INCDIR(..
                    -\hardware\DELAY;..\hardware\ADC;..\hardware\Flash;..\hardware\Uart;..\hardware\Key;..\hardware\Pwm;..\hardware\WDT;..\ha
                    -rdware\Timer;..\hardware\LCDdisplay;..\hardware\PID) DEBUG OBJECTEXTEND PRINT(.\Listings\key.lst) TABS(2) OBJECT(.\Objec
                    -ts\key.obj)

line level    source

   1          #include "key.h"
   2          #include "delay.h"
   3          #include "uart.h"
   4          #define KEY_PRESS_TIME 700
   5          
   6          void key_init(void)
   7          {
   8   1        P2M0 = 0x60;                        //P20设置为非施密特数字带上拉输入
   9   1        P0M0 = 0x60;                        //P00设置为非施密特数字带上拉输入
  10   1        P2M7 = 0x60;                        //P01设置为非施密特数字带上拉输入
  11   1        P2M1 = 0xC2;                        //P21设置为推挽输出，输出能力7mA
  12   1        EN_BT134 = 1;
  13   1      }
  14          
  15          
  16          static unsigned char key_driver(void) 
  17          {     
  18   1          static unsigned char key_state = 0;         
  19   1          static unsigned int key_time = 0;           
  20   1          unsigned char key_press, key_return; 
  21   1       
  22   1          key_return = N_KEY;                         
  23   1       
  24   1           key_press = KEY_1; 
  25   1          switch (key_state)     
  26   1          {       
  27   2              case KEY_STATE_0:                       
  28   2                  if (key_press == 0)                     
  29   2                  {
  30   3                      key_time = 0;                   
  31   3                      key_state = KEY_STATE_1;       
  32   3                  }        
  33   2                  break;
  34   2       
  35   2              case KEY_STATE_1:                       
  36   2                  if (key_press == 0)                     
  37   2                  {
  38   3                      key_time++;                     
  39   3                      if(key_time>=SINGLE_KEY_TIME)   
  40   3                      {
  41   4                          key_state = KEY_STATE_2;    
  42   4                      }
  43   3              delay_ms(10);
  44   3                  }         
  45   2                  else key_state = KEY_STATE_0;       
  46   2                  break; 
  47   2       
  48   2              case KEY_STATE_2:                       
  49   2                  if(key_press == 1)                       
  50   2                  { 
  51   3                       key_return = KEY_1_SHORT;            
  52   3                       key_state = KEY_STATE_0;       
C51 COMPILER V9.56.0.0   KEY                                                               08/28/2020 18:17:17 PAGE 2   

  53   3                  } 
  54   2                  else
  55   2                  {
  56   3                      key_time++;                     
  57   3       
  58   3                      if(key_time >= LONG_KEY_TIME)   
  59   3                      {
  60   4                          key_return = KEY_1_LONG;         
  61   4                          key_state = KEY_STATE_3;    
  62   4                      }
  63   3              delay_ms(10);
  64   3                  }
  65   2                  break;
  66   2       
  67   2            case KEY_STATE_3:                         
  68   2                if (key_press == 1) 
  69   2                {
  70   3                    key_state = KEY_STATE_0;          
  71   3                }         
  72   2                break; 
  73   2       
  74   2              default:                               
  75   2                  key_state = KEY_STATE_0;
  76   2                  break;
  77   2          }
  78   1       
  79   1          return key_return;                         
  80   1      
  81   1      }
  82          u8 key_scan(void)
  83          {
  84   1        static u8 key_up = 1;
  85   1        static u16 key_pres_time = 0;
  86   1      
  87   1      
  88   1        if(key_driver() == KEY_1_LONG)
  89   1        {
  90   2            KEY_printf("LONG_KEY\r\n");
  91   2            return KEY_1_PRES;
  92   2        }
  93   1        else if(key_up && (KEY_2 == 0 || KEY_3 == 0))
  94   1        {
  95   2          delay_ms(50); 
  96   2          key_up=0;
  97   2          if(KEY_2 == 0)
  98   2          {
  99   3             KEY_printf("TEMPER_KEY\r\n");
 100   3            return KEY_2_PRES;  //修改按键参数
 101   3          }
 102   2          else if(KEY_3 == 0)
 103   2          { 
 104   3            KEY_printf("TIME_KEY\r\n");
 105   3            return KEY_3_PRES;
 106   3          }
 107   2        }else if(KEY_2 == 1 && KEY_3 == 1)
 108   1          key_up=1;   
 109   1      
 110   1        if(KEY_1 == 1 && key_pres_time > 1)
 111   1          key_pres_time = 0;
 112   1        return 0;// 无按键按下
 113   1      }

C51 COMPILER V9.56.0.0   KEY                                                               08/28/2020 18:17:17 PAGE 3   


MODULE INFORMATION:   STATIC OVERLAYABLE
   CODE SIZE        =    315    ----
   CONSTANT SIZE    =     35    ----
   XDATA SIZE       =      6       2
   PDATA SIZE       =   ----    ----
   DATA SIZE        =   ----    ----
   IDATA SIZE       =   ----    ----
   BIT SIZE         =   ----    ----
END OF MODULE INFORMATION.


C51 COMPILATION COMPLETE.  0 WARNING(S),  0 ERROR(S)
