C51 COMPILER V9.56.0.0   TIMER                                                             08/28/2020 18:17:17 PAGE 1   


C51 COMPILER V9.56.0.0, COMPILATION OF MODULE TIMER
OBJECT MODULE PLACED IN .\Objects\timer.obj
COMPILER INVOKED BY: C:\program_list\keil\C51\BIN\C51.EXE ..\hardware\Timer\timer.c LARGE OPTIMIZE(8,SPEED) BROWSE INCDI
                    -R(..\hardware\DELAY;..\hardware\ADC;..\hardware\Flash;..\hardware\Uart;..\hardware\Key;..\hardware\Pwm;..\hardware\WDT;.
                    -.\hardware\Timer;..\hardware\LCDdisplay;..\hardware\PID) DEBUG OBJECTEXTEND PRINT(.\Listings\timer.lst) TABS(2) OBJECT(.
                    -\Objects\timer.obj)

line level    source

   1          #include "timer.h"
   2          #include "flash.h"
   3          #include "uart.h"
   4          #include "lcddisplay.h"
   5          #include "pwm.h"
   6          
   7          
   8          //----------------time---------------
   9          u16 time_cnt = 0;
  10          u16 time_sec = 0;
  11          u8  Open_Heat_Value = 0;
  12          u8 Heat_start_std = 0;
  13          u16 time_heat = 0;
  14          
  15          
  16          void set_time_sec_val ( u16 sec )
  17          {
  18   1        time_sec = sec;
  19   1        time_cnt = 0;
  20   1        gm_printf ( "set time second:%d\r\n",sec );
  21   1      }
  22          
  23          
  24          static void set_heat_val ( void )
  25          {
  26   1        if ( Heat_start_std == 1 )
  27   1        {
  28   2          if ( ++time_heat > Heat_Value )
  29   2          {
  30   3            KEY_printf ( "exchange_heat_value \r\n" );
  31   3            Heat_start_std = 0;
  32   3            time_heat = 0;
  33   3            if ( flash_info.gap > 1 )
  34   3            {
  35   4              Open_Heat_Value = corrected_value_GAP_4_temp;
  36   4            }
  37   3            else
  38   3            {
  39   4              Open_Heat_Value = 2;
  40   4            }
  41   3      
  42   3          }
  43   2        }
  44   1      }
  45          
  46          void set_time_sec ( void )
  47          {
  48   1        time_cnt = 0;
  49   1        if ( flash_info.timer == TIMER_ON )
  50   1        {
  51   2          time_sec = 0;
  52   2          
C51 COMPILER V9.56.0.0   TIMER                                                             08/28/2020 18:17:17 PAGE 2   

  53   2        }
  54   1        else if ( flash_info.timer == TIMER_0_5H )
  55   1        {
  56   2          time_sec = 30*60;
  57   2        
  58   2        }
  59   1        else if ( flash_info.timer == TIMER_1H )
  60   1        {
  61   2          time_sec = 60*60;
  62   2          
  63   2        }
  64   1        else if ( flash_info.timer == TIMER_2H )
  65   1        {
  66   2          time_sec = 2*60*60;
  67   2          
  68   2        }
  69   1        else if ( flash_info.timer == TIMER_4H )
  70   1        {
  71   2          time_sec = 4*60*60;
  72   2        
  73   2        }
  74   1        else if ( flash_info.timer == TIMER_8H )
  75   1        {
  76   2          time_sec = 8*60*60;
  77   2          
  78   2        }
  79   1        gm_printf ( "time second:%d \r\n",time_sec );
  80   1      }
  81          
  82          
  83          void time0_init ( void )
  84          {
  85   1        /**********************************TIM0配置初始化**************************************/
  86   1        TCON1 = 0x00;           //Tx0定时器时钟为Fosc/12
  87   1        TMOD = 0x00;            //16位重装载定时器/计数器
  88   1      
  89   1        //Tim0计算时间  = (65536 - 0xFACB) * (1 / (Fosc /Timer分频系数))
  90   1        //        = 1333 / (16000000 / 12)
  91   1        //        = 1 ms
  92   1      
  93   1        //定时1ms
  94   1        //反推初值  = 65536 - ((1/1000) / (1/(Fosc / Timer分频系数)))
  95   1        //        = 65536 - ((1/1000) / (1/(16000000 / 12)))
  96   1        //      = 65536 - 1333
  97   1        //      = 0xFACB
  98   1      //    TH0 = 0xCB;  10ms
  99   1      //  TL0 = 0xEB;
 100   1        TH0 = 0xF5;
 101   1        TL0 = 0x96;             //T0定时时间2ms     0x96     10ms   0xFB
 102   1        IE |= 0x02;             //打开T0中断
 103   1        TCON |= 0x10;           //使能T0
 104   1      }
 105          
 106          
 107          
 108          //10ms
 109          void TIMER0_Rpt ( void ) interrupt TIMER0_VECTOR
 110          {
 111   1        if ( get_device_state() == ON ) //
 112   1        {
 113   2          time_cnt++;
 114   2          
C51 COMPILER V9.56.0.0   TIMER                                                             08/28/2020 18:17:17 PAGE 3   

 115   2          if ( time_cnt >= 500 )
 116   2          {
 117   3      
 118   3          
 119   3            set_heat_val();
 120   3            if ( time_sec > 0 )
 121   3            {
 122   4      
 123   4              time_sec--;
 124   4      
 125   4              if ( flash_info.timer != TIMER_ON )
 126   4              {
 127   5                set_device_state ( OFF );
 128   5                time_sec = 0;
 129   5                gm_printf ( "time off \r\n" );
 130   5              }
 131   4            }
 132   3            //  gm_printf("time_sec=%d \r\n",time_sec);
 133   3            time_cnt = 0;
 134   3          }
 135   2        }
 136   1        LCD_Display();
 137   1      
 138   1      }
 139          


MODULE INFORMATION:   STATIC OVERLAYABLE
   CODE SIZE        =    393    ----
   CONSTANT SIZE    =     74    ----
   XDATA SIZE       =      8    ----
   PDATA SIZE       =   ----    ----
   DATA SIZE        =   ----    ----
   IDATA SIZE       =   ----    ----
   BIT SIZE         =   ----    ----
END OF MODULE INFORMATION.


C51 COMPILATION COMPLETE.  0 WARNING(S),  0 ERROR(S)
